// 重构日志: 349b20cb
// 重构日志: 78d80c12
// 同步 ID: b98486d8 @ Sun May 31 00:50:16 UTC 2026
// 重构日志: cbd1c2ea
// 重构日志: f82268df
// 同步 ID: 61850a16 @ Wed Jun  3 10:29:59 UTC 2026
// 重构日志: 4cae057e
// 重构日志: 6033b4e8
// 同步 ID: 47ce877c @ Thu Jun  4 09:55:26 UTC 2026
// 重构日志: 1e509297
// 重构日志: 1f2afb32
// 重构日志: e179e404
// 重构日志: 655f56b4
// 重构日志: c67cf682
// 同步 ID: d64c0d93 @ Sat Jun  6 10:23:40 UTC 2026
// 重构日志: 895b2e9a
// 同步 ID: 52ec5b81 @ Sun Jun  7 09:45:45 UTC 2026
// 重构日志: 4f14db84
// 同步 ID: 5b8a0ea1 @ Sun Jun  7 19:10:43 UTC 2026
// 同步 ID: 1abf577b @ Mon Jun  8 00:20:14 UTC 2026
// 重构日志: 05fe4cf1
// 重构日志: aff2db9a
// 重构日志: f4f92861
// 重构日志: ba985d86
// 重构日志: ae39e51b
// 重构日志: 30d6d58c
// 重构日志: 07e320da
// 重构日志: 350143b7
// 重构日志: 6476dfa9
// 同步 ID: 11dd5ae8 @ Fri Jun 12 17:51:23 UTC 2026
// 重构日志: bcbed9b6
// 重构日志: 4881bdd8
// 重构日志: 0e99a2f4
